Determining if the pthread_create exist failed with the following output:
Change Dir: /usagers/kajula/Documents/LOG6302_TP/LOG6302_TP/doxygen-master/CMakeFiles/CMakeTmp

Run Build Command:"/usr/bin/gmake" "cmTC_b3ee8/fast"
/usr/bin/gmake -f CMakeFiles/cmTC_b3ee8.dir/build.make CMakeFiles/cmTC_b3ee8.dir/build
gmake[1] : on entre dans le répertoire « /usagers/kajula/Documents/LOG6302_TP/LOG6302_TP/doxygen-master/CMakeFiles/CMakeTmp »
Building C object CMakeFiles/cmTC_b3ee8.dir/CheckSymbolExists.c.o
/usr/bin/cc    -o CMakeFiles/cmTC_b3ee8.dir/CheckSymbolExists.c.o   -c /usagers/kajula/Documents/LOG6302_TP/LOG6302_TP/doxygen-master/CMakeFiles/CMakeTmp/CheckSymbolExists.c
Linking C executable cmTC_b3ee8
/usr/bin/cmake -E cmake_link_script CMakeFiles/cmTC_b3ee8.dir/link.txt --verbose=1
/usr/bin/cc      -rdynamic CMakeFiles/cmTC_b3ee8.dir/CheckSymbolExists.c.o  -o cmTC_b3ee8 
CMakeFiles/cmTC_b3ee8.dir/CheckSymbolExists.c.o : Dans la fonction « main » :
CheckSymbolExists.c:(.text+0x16) : référence indéfinie vers « pthread_create »
collect2: error: ld a retourné le statut de sortie 1
gmake[1]: *** [CMakeFiles/cmTC_b3ee8.dir/build.make:98: cmTC_b3ee8] Error 1
gmake[1] : on quitte le répertoire « /usagers/kajula/Documents/LOG6302_TP/LOG6302_TP/doxygen-master/CMakeFiles/CMakeTmp »
gmake: *** [Makefile:126: cmTC_b3ee8/fast] Error 2

File /usagers/kajula/Documents/LOG6302_TP/LOG6302_TP/doxygen-master/CMakeFiles/CMakeTmp/CheckSymbolExists.c:
/* */
#include <pthread.h>

int main(int argc, char** argv)
{
  (void)argv;
#ifndef pthread_create
  return ((int*)(&pthread_create))[argc];
#else
  (void)argc;
  return 0;
#endif
}

Determining if the function pthread_create exists in the pthreads failed with the following output:
Change Dir: /usagers/kajula/Documents/LOG6302_TP/LOG6302_TP/doxygen-master/CMakeFiles/CMakeTmp

Run Build Command:"/usr/bin/gmake" "cmTC_a11b8/fast"
/usr/bin/gmake -f CMakeFiles/cmTC_a11b8.dir/build.make CMakeFiles/cmTC_a11b8.dir/build
gmake[1] : on entre dans le répertoire « /usagers/kajula/Documents/LOG6302_TP/LOG6302_TP/doxygen-master/CMakeFiles/CMakeTmp »
Building C object CMakeFiles/cmTC_a11b8.dir/CheckFunctionExists.c.o
/usr/bin/cc   -DCHECK_FUNCTION_EXISTS=pthread_create   -o CMakeFiles/cmTC_a11b8.dir/CheckFunctionExists.c.o   -c /usr/share/cmake/Modules/CheckFunctionExists.c
Linking C executable cmTC_a11b8
/usr/bin/cmake -E cmake_link_script CMakeFiles/cmTC_a11b8.dir/link.txt --verbose=1
/usr/bin/cc  -DCHECK_FUNCTION_EXISTS=pthread_create    -rdynamic CMakeFiles/cmTC_a11b8.dir/CheckFunctionExists.c.o  -o cmTC_a11b8 -lpthreads 
/usr/bin/ld : ne peut trouver -lpthreads
collect2: error: ld a retourné le statut de sortie 1
gmake[1]: *** [CMakeFiles/cmTC_a11b8.dir/build.make:98: cmTC_a11b8] Error 1
gmake[1] : on quitte le répertoire « /usagers/kajula/Documents/LOG6302_TP/LOG6302_TP/doxygen-master/CMakeFiles/CMakeTmp »
gmake: *** [Makefile:126: cmTC_a11b8/fast] Error 2


Performing C++ SOURCE FILE Test ICONV_ACCEPTS_CONST_INPUT failed with the following output:
Change Dir: /usagers/kajula/Documents/LOG6302_TP/LOG6302_TP/doxygen-master/CMakeFiles/CMakeTmp

Run Build Command:"/usr/bin/gmake" "cmTC_6fe60/fast"
/usr/bin/gmake -f CMakeFiles/cmTC_6fe60.dir/build.make CMakeFiles/cmTC_6fe60.dir/build
gmake[1] : on entre dans le répertoire « /usagers/kajula/Documents/LOG6302_TP/LOG6302_TP/doxygen-master/CMakeFiles/CMakeTmp »
Building CXX object CMakeFiles/cmTC_6fe60.dir/src.cxx.o
/usr/bin/c++    -DICONV_ACCEPTS_CONST_INPUT   -o CMakeFiles/cmTC_6fe60.dir/src.cxx.o -c /usagers/kajula/Documents/LOG6302_TP/LOG6302_TP/doxygen-master/CMakeFiles/CMakeTmp/src.cxx
/usagers/kajula/Documents/LOG6302_TP/LOG6302_TP/doxygen-master/CMakeFiles/CMakeTmp/src.cxx: Dans la fonction « int main() »:
/usagers/kajula/Documents/LOG6302_TP/LOG6302_TP/doxygen-master/CMakeFiles/CMakeTmp/src.cxx:4:32: error: conversion invalide de « const char** » vers « char** » [-fpermissive]
             iconv(iconv_t(-1), &p, 0, 0, 0);
                                ^~
In file included from /usagers/kajula/Documents/LOG6302_TP/LOG6302_TP/doxygen-master/CMakeFiles/CMakeTmp/src.cxx:1:0:
/usr/include/iconv.h:42:15: note:   initialisation de l'argument 2 de « size_t iconv(iconv_t, char**, size_t*, char**, size_t*) »
 extern size_t iconv (iconv_t __cd, char **__restrict __inbuf,
               ^~~~~
gmake[1]: *** [CMakeFiles/cmTC_6fe60.dir/build.make:66: CMakeFiles/cmTC_6fe60.dir/src.cxx.o] Error 1
gmake[1] : on quitte le répertoire « /usagers/kajula/Documents/LOG6302_TP/LOG6302_TP/doxygen-master/CMakeFiles/CMakeTmp »
gmake: *** [Makefile:126: cmTC_6fe60/fast] Error 2

Source file was:
#include <iconv.h>
         int main() {
            char const *p = 0;
            iconv(iconv_t(-1), &p, 0, 0, 0);
         }
